#
# There is insufficient memory for the Java Runtime Environment to continue.
# Native memory allocation (mmap) failed to map 163577856 bytes for Failed to commit area from 0x000000008c300000 to 0x0000000095f00000 of length 163577856.
# Possible reasons:
#   The system is out of physical RAM or swap space
#   The process is running with CompressedOops enabled, and the Java Heap may be blocking the growth of the native heap
# Possible solutions:
#   Reduce memory load on the system
#   Increase physical memory or swap space
#   Check if swap backing store is full
#   Decrease Java heap size (-Xmx/-Xms)
#   Decrease number of Java threads
#   Decrease Java thread stack sizes (-Xss)
#   Set larger code cache with -XX:ReservedCodeCacheSize=
#   JVM is running with Unscaled Compressed Oops mode in which the Java heap is
#     placed in the first 4GB address space. The Java Heap base address is the
#     maximum limit for the native heap growth. Please use -XX:HeapBaseMinAddress
#     to set the Java Heap base and to place the Java Heap above 4GB virtual address.
# This output file may be truncated or incomplete.
#
#  Out of Memory Error (src/hotspot/os/windows/os_windows.cpp:3627), pid=9908, tid=8576
#
# JRE version: OpenJDK Runtime Environment (11.0.15) (build 11.0.15+0-b2043.56-9505619)
# Java VM: OpenJDK 64-Bit Server VM (11.0.15+0-b2043.56-9505619, mixed mode, tiered, compressed oops, g1 gc, windows-amd64)
# No core dump will be written. Minidumps are not enabled by default on client versions of Windows
#

---------------  S U M M A R Y ------------

Command Line: --add-opens=java.base/java.util=ALL-UNNAMED --add-opens=java.base/java.lang=ALL-UNNAMED --add-opens=java.base/java.lang.invoke=ALL-UNNAMED --add-opens=java.base/java.util=ALL-UNNAMED --add-opens=java.prefs/java.util.prefs=ALL-UNNAMED --add-opens=java.prefs/java.util.prefs=ALL-UNNAMED --add-opens=java.base/java.nio.charset=ALL-UNNAMED --add-opens=java.base/java.net=ALL-UNNAMED --add-opens=java.base/java.util.concurrent.atomic=ALL-UNNAMED -Xmx2048m -Dfile.encoding=UTF-8 -Duser.country=US -Duser.language=en -Duser.variant org.gradle.launcher.daemon.bootstrap.GradleDaemon 7.5

Host: Intel(R) Pentium(R) CPU  N3710  @ 1.60GHz, 4 cores, 1G,  Windows 10 , 64 bit Build 19041 (10.0.19041.2546)
Time: Mon Feb 20 03:05:49 2023 Malay Peninsula Standard Time elapsed time: 152.722966 seconds (0d 0h 2m 32s)

---------------  T H R E A D  ---------------

Current thread (0x000001d24ee0e800):  VMThread "VM Thread" [stack: 0x0000005db2100000,0x0000005db2200000] [id=8576]

Stack: [0x0000005db2100000,0x0000005db2200000]
[error occurred during error reporting (printing stack bounds), id 0xc0000005, EXCEPTION_ACCESS_VIOLATION (0xc0000005) at pc=0x000001d23858113d]

Native frames: (J=compiled Java code, j=interpreted, Vv=VM code, C=native code)
V  [jvm.dll+0x64135a]
V  [jvm.dll+0x7d39f9]
V  [jvm.dll+0x7d51b9]
V  [jvm.dll+0x7d5805]
V  [jvm.dll+0x7d57bb]
V  [jvm.dll+0x640655]
V  [jvm.dll+0x640d68]
C  [ntdll.dll+0xa241f]
C  [ntdll.dll+0x514a4]
C  [ntdll.dll+0xa0f4e]
C  0x000001d23858113d

VM_Operation (0x0000005db35f48e0): G1CollectForAllocation, mode: safepoint, requested by thread 0x000001d2503de000


---------------  P R O C E S S  ---------------

Threads class SMR info:
_java_thread_list=0x000001d253b6ef50, length=78, elements={
0x000001d234a54000, 0x000001d24ee11800, 0x000001d24ee1b800, 0x000001d24ee71800,
0x000001d24ee73800, 0x000001d24ee75000, 0x000001d24ee77800, 0x000001d24ee7a800,
0x000001d24ee83800, 0x000001d24f0df000, 0x000001d250a49000, 0x000001d251136800,
0x000001d250f80800, 0x000001d250946800, 0x000001d24ffbb000, 0x000001d24ffbb800,
0x000001d2503de000, 0x000001d25001c800, 0x000001d250a68000, 0x000001d24fad4800,
0x000001d24fad5000, 0x000001d24fad3800, 0x000001d24facf800, 0x000001d24fad1000,
0x000001d24fad6000, 0x000001d24fad0800, 0x000001d24fad2000, 0x000001d24fad3000,
0x000001d253485000, 0x000001d25348a000, 0x000001d25348a800, 0x000001d253487800,
0x000001d25348d000, 0x000001d25348e000, 0x000001d25348e800, 0x000001d253489000,
0x000001d25348f800, 0x000001d253490800, 0x000001d253491000, 0x000001d253493800,
0x000001d253492800, 0x000001d253492000, 0x000001d25199b000, 0x000001d251998800,
0x000001d25199c000, 0x000001d25199a000, 0x000001d251997000, 0x000001d251996000,
0x000001d251998000, 0x000001d25199d800, 0x000001d25199c800, 0x000001d25199e800,
0x000001d25199f000, 0x000001d251999800, 0x000001d2519a3000, 0x000001d2519a4000,
0x000001d2519a5000, 0x000001d2519a0000, 0x000001d2519a1000, 0x000001d2519a2800,
0x000001d2519a1800, 0x000001d25333c800, 0x000001d25333c000, 0x000001d25333b000,
0x000001d253337000, 0x000001d25333d800, 0x000001d253338800, 0x000001d253337800,
0x000001d25333f000, 0x000001d25333e000, 0x000001d253339800, 0x000001d253340000,
0x000001d25333a000, 0x000001d253342800, 0x000001d253341800, 0x000001d253340800,
0x000001d253343000, 0x000001d253345000
}

Java Threads: ( => current thread )
  0x000001d234a54000 JavaThread "main" [_thread_blocked, id=5644, stack(0x0000005db1b00000,0x0000005db1c00000)]
  0x000001d24ee11800 JavaThread "Reference Handler" daemon [_thread_blocked, id=2180, stack(0x0000005db2200000,0x0000005db2300000)]
  0x000001d24ee1b800 JavaThread "Finalizer" daemon [_thread_blocked, id=9900, stack(0x0000005db2300000,0x0000005db2400000)]
  0x000001d24ee71800 JavaThread "Signal Dispatcher" daemon [_thread_blocked, id=3408, stack(0x0000005db2400000,0x0000005db2500000)]
  0x000001d24ee73800 JavaThread "Attach Listener" daemon [_thread_blocked, id=4020, stack(0x0000005db2500000,0x0000005db2600000)]
  0x000001d24ee75000 JavaThread "Service Thread" daemon [_thread_blocked, id=4032, stack(0x0000005db2600000,0x0000005db2700000)]
  0x000001d24ee77800 JavaThread "C2 CompilerThread0" daemon [_thread_blocked, id=8952, stack(0x0000005db2700000,0x0000005db2800000)]
  0x000001d24ee7a800 JavaThread "C1 CompilerThread0" daemon [_thread_blocked, id=1908, stack(0x0000005db2800000,0x0000005db2900000)]
  0x000001d24ee83800 JavaThread "Sweeper thread" daemon [_thread_blocked, id=3580, stack(0x0000005db2900000,0x0000005db2a00000)]
  0x000001d24f0df000 JavaThread "Common-Cleaner" daemon [_thread_blocked, id=8208, stack(0x0000005db2a00000,0x0000005db2b00000)]
  0x000001d250a49000 JavaThread "Daemon health stats" [_thread_blocked, id=5356, stack(0x0000005db2d00000,0x0000005db2e00000)]
  0x000001d251136800 JavaThread "Incoming local TCP Connector on port 60580" [_thread_in_native, id=5572, stack(0x0000005db3000000,0x0000005db3100000)]
  0x000001d250f80800 JavaThread "Daemon periodic checks" [_thread_blocked, id=5972, stack(0x0000005db3100000,0x0000005db3200000)]
  0x000001d250946800 JavaThread "Daemon" [_thread_blocked, id=2204, stack(0x0000005db3200000,0x0000005db3300000)]
  0x000001d24ffbb000 JavaThread "Handler for socket connection from /127.0.0.1:60580 to /127.0.0.1:60582" [_thread_in_native, id=4460, stack(0x0000005db3300000,0x0000005db3400000)]
  0x000001d24ffbb800 JavaThread "Cancel handler" [_thread_blocked, id=2584, stack(0x0000005db3400000,0x0000005db3500000)]
  0x000001d2503de000 JavaThread "Daemon worker" [_thread_blocked, id=6864, stack(0x0000005db3500000,0x0000005db3600000)]
  0x000001d25001c800 JavaThread "Asynchronous log dispatcher for DefaultDaemonConnection: socket connection from /127.0.0.1:60580 to /127.0.0.1:60582" [_thread_blocked, id=4012, stack(0x0000005db3600000,0x0000005db3700000)]
  0x000001d250a68000 JavaThread "Daemon client event forwarder" [_thread_blocked, id=4208, stack(0x0000005db3800000,0x0000005db3900000)]
  0x000001d24fad4800 JavaThread "Cache worker for journal cache (C:\Users\albos\.gradle\caches\journal-1)" [_thread_blocked, id=3448, stack(0x0000005db3900000,0x0000005db3a00000)]
  0x000001d24fad5000 JavaThread "File lock request listener" [_thread_in_native, id=6896, stack(0x0000005db3a00000,0x0000005db3b00000)]
  0x000001d24fad3800 JavaThread "Cache worker for file hash cache (C:\Users\albos\.gradle\caches\7.5\fileHashes)" [_thread_blocked, id=1544, stack(0x0000005db3b00000,0x0000005db3c00000)]
  0x000001d24facf800 JavaThread "File watcher server" daemon [_thread_in_native, id=2216, stack(0x0000005db3c00000,0x0000005db3d00000)]
  0x000001d24fad1000 JavaThread "File watcher consumer" daemon [_thread_blocked, id=6300, stack(0x0000005db3d00000,0x0000005db3e00000)]
  0x000001d24fad6000 JavaThread "Cache worker for checksums cache (C:\Users\albos\AndroidStudioProjects\MyApplication\.gradle\7.5\checksums)" [_thread_blocked, id=9752, stack(0x0000005db3e00000,0x0000005db3f00000)]
  0x000001d24fad0800 JavaThread "Cache worker for cache directory md-rule (C:\Users\albos\.gradle\caches\7.5\md-rule)" [_thread_blocked, id=6004, stack(0x0000005db3f00000,0x0000005db4000000)]
  0x000001d24fad2000 JavaThread "Cache worker for file content cache (C:\Users\albos\.gradle\caches\7.5\fileContent)" [_thread_blocked, id=7244, stack(0x0000005db4000000,0x0000005db4100000)]
  0x000001d24fad3000 JavaThread "Cache worker for file hash cache (C:\Users\albos\AndroidStudioProjects\MyApplication\.gradle\7.5\fileHashes)" [_thread_blocked, id=2244, stack(0x0000005db4100000,0x0000005db4200000)]
  0x000001d253485000 JavaThread "Cache worker for cache directory md-supplier (C:\Users\albos\.gradle\caches\7.5\md-supplier)" [_thread_blocked, id=1112, stack(0x0000005db4200000,0x0000005db4300000)]
  0x000001d25348a000 JavaThread "Cache worker for execution history cache (C:\Users\albos\.gradle\caches\7.5\executionHistory)" [_thread_blocked, id=8628, stack(0x0000005db4300000,0x0000005db4400000)]
  0x000001d25348a800 JavaThread "jar transforms" [_thread_blocked, id=520, stack(0x0000005db4400000,0x0000005db4500000)]
  0x000001d253487800 JavaThread "jar transforms Thread 2" [_thread_blocked, id=4904, stack(0x0000005db4500000,0x0000005db4600000)]
  0x000001d25348d000 JavaThread "jar transforms Thread 3" [_thread_blocked, id=9040, stack(0x0000005db4600000,0x0000005db4700000)]
  0x000001d25348e000 JavaThread "jar transforms Thread 4" [_thread_blocked, id=7408, stack(0x0000005db4700000,0x0000005db4800000)]
  0x000001d25348e800 JavaThread "Cache worker for dependencies-accessors (C:\Users\albos\AndroidStudioProjects\MyApplication\.gradle\7.5\dependencies-accessors)" [_thread_blocked, id=8032, stack(0x0000005db4800000,0x0000005db4900000)]
  0x000001d253489000 JavaThread "Cache worker for Build Output Cleanup Cache (C:\Users\albos\AndroidStudioProjects\MyApplication\.gradle\buildOutputCleanup)" [_thread_blocked, id=7064, stack(0x0000005db4b00000,0x0000005db4c00000)]
  0x000001d25348f800 JavaThread "Unconstrained build operations" [_thread_blocked, id=2608, stack(0x0000005db1800000,0x0000005db1900000)]
  0x000001d253490800 JavaThread "Unconstrained build operations Thread 2" [_thread_blocked, id=5668, stack(0x0000005db1900000,0x0000005db1a00000)]
  0x000001d253491000 JavaThread "Unconstrained build operations Thread 3" [_thread_blocked, id=5664, stack(0x0000005db1a00000,0x0000005db1b00000)]
  0x000001d253493800 JavaThread "Unconstrained build operations Thread 4" [_thread_blocked, id=5660, stack(0x0000005db4c00000,0x0000005db4d00000)]
  0x000001d253492800 JavaThread "Unconstrained build operations Thread 5" [_thread_blocked, id=5652, stack(0x0000005db4d00000,0x0000005db4e00000)]
  0x000001d253492000 JavaThread "Unconstrained build operations Thread 6" [_thread_blocked, id=5656, stack(0x0000005db4e00000,0x0000005db4f00000)]
  0x000001d25199b000 JavaThread "Unconstrained build operations Thread 7" [_thread_blocked, id=4420, stack(0x0000005db4f00000,0x0000005db5000000)]
  0x000001d251998800 JavaThread "Unconstrained build operations Thread 8" [_thread_blocked, id=4416, stack(0x0000005db5000000,0x0000005db5100000)]
  0x000001d25199c000 JavaThread "Unconstrained build operations Thread 9" [_thread_blocked, id=3676, stack(0x0000005db5100000,0x0000005db5200000)]
  0x000001d25199a000 JavaThread "Unconstrained build operations Thread 10" [_thread_blocked, id=7940, stack(0x0000005db5200000,0x0000005db5300000)]
  0x000001d251997000 JavaThread "Unconstrained build operations Thread 11" [_thread_blocked, id=4812, stack(0x0000005db5300000,0x0000005db5400000)]
  0x000001d251996000 JavaThread "Unconstrained build operations Thread 12" [_thread_blocked, id=5996, stack(0x0000005db5400000,0x0000005db5500000)]
  0x000001d251998000 JavaThread "Unconstrained build operations Thread 13" [_thread_blocked, id=9508, stack(0x0000005db5500000,0x0000005db5600000)]
  0x000001d25199d800 JavaThread "Unconstrained build operations Thread 14" [_thread_blocked, id=8924, stack(0x0000005db5600000,0x0000005db5700000)]
  0x000001d25199c800 JavaThread "Unconstrained build operations Thread 15" [_thread_blocked, id=8124, stack(0x0000005db5700000,0x0000005db5800000)]
  0x000001d25199e800 JavaThread "Unconstrained build operations Thread 16" [_thread_blocked, id=6628, stack(0x0000005db5800000,0x0000005db5900000)]
  0x000001d25199f000 JavaThread "Unconstrained build operations Thread 17" [_thread_blocked, id=8964, stack(0x0000005db5900000,0x0000005db5a00000)]
  0x000001d251999800 JavaThread "Unconstrained build operations Thread 18" [_thread_blocked, id=8200, stack(0x0000005db5a00000,0x0000005db5b00000)]
  0x000001d2519a3000 JavaThread "Unconstrained build operations Thread 19" [_thread_blocked, id=10024, stack(0x0000005db5b00000,0x0000005db5c00000)]
  0x000001d2519a4000 JavaThread "Unconstrained build operations Thread 20" [_thread_blocked, id=6440, stack(0x0000005db5c00000,0x0000005db5d00000)]
  0x000001d2519a5000 JavaThread "Unconstrained build operations Thread 21" [_thread_blocked, id=512, stack(0x0000005db5d00000,0x0000005db5e00000)]
  0x000001d2519a0000 JavaThread "Unconstrained build operations Thread 22" [_thread_blocked, id=3548, stack(0x0000005db5e00000,0x0000005db5f00000)]
  0x000001d2519a1000 JavaThread "Unconstrained build operations Thread 23" [_thread_blocked, id=9756, stack(0x0000005db5f00000,0x0000005db6000000)]
  0x000001d2519a2800 JavaThread "Unconstrained build operations Thread 24" [_thread_blocked, id=6264, stack(0x0000005db6000000,0x0000005db6100000)]
  0x000001d2519a1800 JavaThread "Unconstrained build operations Thread 25" [_thread_blocked, id=7196, stack(0x0000005db6100000,0x0000005db6200000)]
  0x000001d25333c800 JavaThread "Unconstrained build operations Thread 26" [_thread_blocked, id=7424, stack(0x0000005db6200000,0x0000005db6300000)]
  0x000001d25333c000 JavaThread "Unconstrained build operations Thread 27" [_thread_blocked, id=5676, stack(0x0000005db6300000,0x0000005db6400000)]
  0x000001d25333b000 JavaThread "Unconstrained build operations Thread 28" [_thread_blocked, id=5460, stack(0x0000005db6400000,0x0000005db6500000)]
  0x000001d253337000 JavaThread "Unconstrained build operations Thread 29" [_thread_blocked, id=7676, stack(0x0000005db6500000,0x0000005db6600000)]
  0x000001d25333d800 JavaThread "Unconstrained build operations Thread 30" [_thread_blocked, id=9348, stack(0x0000005db6600000,0x0000005db6700000)]
  0x000001d253338800 JavaThread "Unconstrained build operations Thread 31" [_thread_blocked, id=3596, stack(0x0000005db6700000,0x0000005db6800000)]
  0x000001d253337800 JavaThread "Unconstrained build operations Thread 32" [_thread_blocked, id=4872, stack(0x0000005db6800000,0x0000005db6900000)]
  0x000001d25333f000 JavaThread "Unconstrained build operations Thread 33" [_thread_blocked, id=7468, stack(0x0000005db6900000,0x0000005db6a00000)]
  0x000001d25333e000 JavaThread "Unconstrained build operations Thread 34" [_thread_blocked, id=5584, stack(0x0000005db6a00000,0x0000005db6b00000)]
  0x000001d253339800 JavaThread "Unconstrained build operations Thread 35" [_thread_blocked, id=9296, stack(0x0000005db6b00000,0x0000005db6c00000)]
  0x000001d253340000 JavaThread "Unconstrained build operations Thread 36" [_thread_blocked, id=9880, stack(0x0000005db6c00000,0x0000005db6d00000)]
  0x000001d25333a000 JavaThread "Unconstrained build operations Thread 37" [_thread_blocked, id=10124, stack(0x0000005db6d00000,0x0000005db6e00000)]
  0x000001d253342800 JavaThread "Unconstrained build operations Thread 38" [_thread_blocked, id=5272, stack(0x0000005db6e00000,0x0000005db6f00000)]
  0x000001d253341800 JavaThread "Unconstrained build operations Thread 39" [_thread_blocked, id=6952, stack(0x0000005db6f00000,0x0000005db7000000)]
  0x000001d253340800 JavaThread "Unconstrained build operations Thread 40" [_thread_blocked, id=9328, stack(0x0000005db7000000,0x0000005db7100000)]
  0x000001d253343000 JavaThread "build event listener" [_thread_blocked, id=4964, stack(0x0000005db3700000,0x0000005db3800000)]
  0x000001d253345000 JavaThread "Memory manager" [_thread_blocked, id=9120, stack(0x0000005db7100000,0x0000005db7200000)]

Other Threads:
=>0x000001d24ee0e800 VMThread "VM Thread" [stack: 0x0000005db2100000,0x0000005db2200000] [id=8576]
  0x000001d24f135000 WatcherThread [stack: 0x0000005db2b00000,0x0000005db2c00000] [id=5132]
  0x000001d234a6a000 GCTaskThread "GC Thread#0" [stack: 0x0000005db1c00000,0x0000005db1d00000] [id=7992]
  0x000001d24f371000 GCTaskThread "GC Thread#1" [stack: 0x0000005db2c00000,0x0000005db2d00000] [id=7984]
  0x000001d250645000 GCTaskThread "GC Thread#2" [stack: 0x0000005db2e00000,0x0000005db2f00000] [id=8680]
  0x000001d251148800 GCTaskThread "GC Thread#3" [stack: 0x0000005db2f00000,0x0000005db3000000] [id=7304]
  0x000001d234a9d800 ConcurrentGCThread "G1 Main Marker" [stack: 0x0000005db1d00000,0x0000005db1e00000] [id=9020]
  0x000001d234a9e800 ConcurrentGCThread "G1 Conc#0" [stack: 0x0000005db1e00000,0x0000005db1f00000] [id=2212]
  0x000001d234acc000 ConcurrentGCThread "G1 Refine#0" [stack: 0x0000005db1f00000,0x0000005db2000000] [id=5332]
  0x000001d25401d800 ConcurrentGCThread "G1 Refine#1" [stack: 0x0000005db7200000,0x0000005db7300000] [id=8804]
  0x000001d234acd000 ConcurrentGCThread "G1 Young RemSet Sampling" [stack: 0x0000005db2000000,0x0000005db2100000] [id=8264]

Threads with active compile tasks:

VM state:at safepoint (normal execution)

VM Mutex/Monitor currently owned by a thread:  ([mutex/lock_event])
[0x000001d234a4f7f0] Threads_lock - owner thread: 0x000001d24ee0e800
[0x000001d234a4fa30] Heap_lock - owner thread: 0x000001d2503de000

Heap address: 0x0000000080000000, size: 2048 MB, Compressed Oops mode: 32-bit
Narrow klass base: 0x0000000000000000, Narrow klass shift: 3
Compressed class space size: 1073741824 Address: 0x0000000100000000

Heap:
 garbage-first heap   total 359424K, used 62347K [0x0000000080000000, 0x0000000100000000)
  region size 1024K, 2 young (2048K), 2 survivors (2048K)
 Metaspace       used 76362K, capacity 78239K, committed 78464K, reserved 1116160K
  class space    used 10021K, capacity 10757K, committed 10880K, reserved 1048576K
Heap Regions: E=young(eden), S=young(survivor), O=old, HS=humongous(starts), HC=humongous(continues), CS=collection set, F=free, A=archive, TAMS=top-at-mark-start (previous, next)
|   0|0x0000000080000000, 0x0000000080100000, 0x0000000080100000|100%|HS|  |TAMS 0x0000000080100000, 0x0000000080000000| Complete 
|   1|0x0000000080100000, 0x0000000080200000, 0x0000000080200000|100%|HC|  |TAMS 0x0000000080200000, 0x0000000080100000| Complete 
|   2|0x0000000080200000, 0x0000000080300000, 0x0000000080300000|100%|HC|  |TAMS 0x0000000080300000, 0x0000000080200000| Complete 
|   3|0x0000000080300000, 0x0000000080400000, 0x0000000080400000|100%| O|  |TAMS 0x0000000080400000, 0x0000000080300000| Untracked 
|   4|0x0000000080400000, 0x0000000080500000, 0x0000000080500000|100%| O|  |TAMS 0x0000000080500000, 0x0000000080400000| Untracked 
|   5|0x0000000080500000, 0x0000000080600000, 0x0000000080600000|100%| O|  |TAMS 0x0000000080600000, 0x0000000080500000| Untracked 
|   6|0x0000000080600000, 0x0000000080700000, 0x0000000080700000|100%| O|  |TAMS 0x0000000080700000, 0x0000000080600000| Untracked 
|   7|0x0000000080700000, 0x0000000080800000, 0x0000000080800000|100%| O|  |TAMS 0x0000000080800000, 0x0000000080700000| Untracked 
|   8|0x0000000080800000, 0x0000000080900000, 0x0000000080900000|100%| O|  |TAMS 0x0000000080900000, 0x0000000080800000| Untracked 
|   9|0x0000000080900000, 0x0000000080a00000, 0x0000000080a00000|100%| O|  |TAMS 0x0000000080a00000, 0x0000000080900000| Untracked 
|  10|0x0000000080a00000, 0x0000000080b00000, 0x0000000080b00000|100%| O|  |TAMS 0x0000000080b00000, 0x0000000080a00000| Untracked 
|  11|0x0000000080b00000, 0x0000000080c00000, 0x0000000080c00000|100%| O|  |TAMS 0x0000000080c00000, 0x0000000080b00000| Untracked 
|  12|0x0000000080c00000, 0x0000000080d00000, 0x0000000080d00000|100%| O|  |TAMS 0x0000000080d00000, 0x0000000080c00000| Untracked 
|  13|0x0000000080d00000, 0x0000000080e00000, 0x0000000080e00000|100%| O|  |TAMS 0x0000000080e00000, 0x0000000080d00000| Untracked 
|  14|0x0000000080e00000, 0x0000000080f00000, 0x0000000080f00000|100%| O|  |TAMS 0x0000000080f00000, 0x0000000080e00000| Untracked 
|  15|0x0000000080f00000, 0x0000000081000000, 0x0000000081000000|100%| O|  |TAMS 0x0000000081000000, 0x0000000080f00000| Untracked 
|  16|0x0000000081000000, 0x0000000081100000, 0x0000000081100000|100%| O|  |TAMS 0x0000000081100000, 0x0000000081000000| Untracked 
|  17|0x0000000081100000, 0x0000000081200000, 0x0000000081200000|100%| O|  |TAMS 0x0000000081200000, 0x0000000081100000| Untracked 
|  18|0x0000000081200000, 0x0000000081300000, 0x0000000081300000|100%| O|  |TAMS 0x0000000081300000, 0x0000000081200000| Untracked 
|  19|0x0000000081300000, 0x0000000081400000, 0x0000000081400000|100%| O|  |TAMS 0x0000000081400000, 0x0000000081300000| Untracked 
|  20|0x0000000081400000, 0x0000000081500000, 0x0000000081500000|100%| O|  |TAMS 0x0000000081500000, 0x0000000081400000| Untracked 
|  21|0x0000000081500000, 0x0000000081600000, 0x0000000081600000|100%| O|  |TAMS 0x0000000081600000, 0x0000000081500000| Untracked 
|  22|0x0000000081600000, 0x0000000081700000, 0x0000000081700000|100%| O|  |TAMS 0x0000000081700000, 0x0000000081600000| Untracked 
|  23|0x0000000081700000, 0x0000000081800000, 0x0000000081800000|100%| O|  |TAMS 0x0000000081800000, 0x0000000081700000| Untracked 
|  24|0x0000000081800000, 0x0000000081900000, 0x0000000081900000|100%| O|  |TAMS 0x0000000081900000, 0x0000000081800000| Untracked 
|  25|0x0000000081900000, 0x0000000081a00000, 0x0000000081a00000|100%| O|  |TAMS 0x0000000081a00000, 0x0000000081900000| Untracked 
|  26|0x0000000081a00000, 0x0000000081b00000, 0x0000000081b00000|100%| O|  |TAMS 0x0000000081b00000, 0x0000000081a00000| Untracked 
|  27|0x0000000081b00000, 0x0000000081c00000, 0x0000000081c00000|100%| O|  |TAMS 0x0000000081c00000, 0x0000000081b00000| Untracked 
|  28|0x0000000081c00000, 0x0000000081d00000, 0x0000000081d00000|100%| O|  |TAMS 0x0000000081d00000, 0x0000000081c00000| Untracked 
|  29|0x0000000081d00000, 0x0000000081e00000, 0x0000000081e00000|100%| O|  |TAMS 0x0000000081e00000, 0x0000000081d00000| Untracked 
|  30|0x0000000081e00000, 0x0000000081f00000, 0x0000000081f00000|100%|HS|  |TAMS 0x0000000081f00000, 0x0000000081e00000| Complete 
|  31|0x0000000081f00000, 0x0000000082000000, 0x0000000082000000|100%|HS|  |TAMS 0x0000000082000000, 0x0000000081f00000| Complete 
|  32|0x0000000082000000, 0x0000000082100000, 0x0000000082100000|100%| O|  |TAMS 0x0000000082100000, 0x0000000082000000| Untracked 
|  33|0x0000000082100000, 0x0000000082200000, 0x0000000082200000|100%| O|  |TAMS 0x0000000082200000, 0x0000000082100000| Untracked 
|  34|0x0000000082200000, 0x0000000082300000, 0x0000000082300000|100%| O|  |TAMS 0x0000000082300000, 0x0000000082200000| Untracked 
|  35|0x0000000082300000, 0x0000000082400000, 0x0000000082400000|100%| O|  |TAMS 0x0000000082400000, 0x0000000082300000| Untracked 
|  36|0x0000000082400000, 0x0000000082500000, 0x0000000082500000|100%| O|  |TAMS 0x0000000082500000, 0x0000000082400000| Untracked 
|  37|0x0000000082500000, 0x0000000082600000, 0x0000000082600000|100%| O|  |TAMS 0x0000000082600000, 0x0000000082500000| Untracked 
|  38|0x0000000082600000, 0x0000000082700000, 0x0000000082700000|100%| O|  |TAMS 0x0000000082700000, 0x0000000082600000| Untracked 
|  39|0x0000000082700000, 0x0000000082800000, 0x0000000082800000|100%| O|  |TAMS 0x0000000082800000, 0x0000000082700000| Untracked 
|  40|0x0000000082800000, 0x0000000082900000, 0x0000000082900000|100%| O|  |TAMS 0x0000000082900000, 0x0000000082800000| Untracked 
|  41|0x0000000082900000, 0x0000000082a00000, 0x0000000082a00000|100%| O|  |TAMS 0x0000000082935600, 0x0000000082900000| Untracked 
|  42|0x0000000082a00000, 0x0000000082b00000, 0x0000000082b00000|100%|HS|  |TAMS 0x0000000082a00000, 0x0000000082a00000| Complete 
|  43|0x0000000082b00000, 0x0000000082c00000, 0x0000000082c00000|100%| O|  |TAMS 0x0000000082b00000, 0x0000000082b00000| Untracked 
|  44|0x0000000082c00000, 0x0000000082d00000, 0x0000000082d00000|100%| O|  |TAMS 0x0000000082c00000, 0x0000000082c00000| Untracked 
|  45|0x0000000082d00000, 0x0000000082e00000, 0x0000000082e00000|100%| O|  |TAMS 0x0000000082d00000, 0x0000000082d00000| Untracked 
|  46|0x0000000082e00000, 0x0000000082f00000, 0x0000000082f00000|100%| O|  |TAMS 0x0000000082e00000, 0x0000000082e00000| Untracked 
|  47|0x0000000082f00000, 0x0000000083000000, 0x0000000083000000|100%| O|  |TAMS 0x0000000082f00000, 0x0000000082f00000| Untracked 
|  48|0x0000000083000000, 0x0000000083100000, 0x0000000083100000|100%| O|  |TAMS 0x0000000083000000, 0x0000000083000000| Untracked 
|  49|0x0000000083100000, 0x0000000083200000, 0x0000000083200000|100%| O|  |TAMS 0x0000000083100000, 0x0000000083100000| Untracked 
|  50|0x0000000083200000, 0x0000000083300000, 0x0000000083300000|100%| O|  |TAMS 0x0000000083200000, 0x0000000083200000| Untracked 
|  51|0x0000000083300000, 0x0000000083400000, 0x0000000083400000|100%| O|  |TAMS 0x0000000083300000, 0x0000000083300000| Untracked 
|  52|0x0000000083400000, 0x0000000083500000, 0x0000000083500000|100%| O|  |TAMS 0x0000000083400000, 0x0000000083400000| Untracked 
|  53|0x0000000083500000, 0x0000000083600000, 0x0000000083600000|100%| O|  |TAMS 0x0000000083500000, 0x0000000083500000| Untracked 
|  54|0x0000000083600000, 0x0000000083700000, 0x0000000083700000|100%| O|  |TAMS 0x0000000083600000, 0x0000000083600000| Untracked 
|  55|0x0000000083700000, 0x0000000083800000, 0x0000000083800000|100%| O|  |TAMS 0x0000000083700000, 0x0000000083700000| Untracked 
|  56|0x0000000083800000, 0x0000000083900000, 0x0000000083900000|100%| O|  |TAMS 0x0000000083800000, 0x0000000083800000| Untracked 
|  57|0x0000000083900000, 0x0000000083a00000, 0x0000000083a00000|100%| O|  |TAMS 0x0000000083900000, 0x0000000083900000| Untracked 
|  58|0x0000000083a00000, 0x0000000083b00000, 0x0000000083b00000|100%| O|  |TAMS 0x0000000083a00000, 0x0000000083a00000| Untracked 
|  59|0x0000000083b00000, 0x0000000083b0cc00, 0x0000000083c00000|  4%| O|  |TAMS 0x0000000083b00000, 0x0000000083b00000| Untracked 
|  60|0x0000000083c00000, 0x0000000083c00000, 0x0000000083d00000|  0%| F|  |TAMS 0x0000000083c00000, 0x0000000083c00000| Untracked 
|  61|0x0000000083d00000, 0x0000000083d00000, 0x0000000083e00000|  0%| F|  |TAMS 0x0000000083d00000, 0x0000000083d00000| Untracked 
|  62|0x0000000083e00000, 0x0000000083e00000, 0x0000000083f00000|  0%| F|  |TAMS 0x0000000083e00000, 0x0000000083e00000| Untracked 
|  63|0x0000000083f00000, 0x0000000083f00000, 0x0000000084000000|  0%| F|  |TAMS 0x0000000083f00000, 0x0000000083f00000| Untracked 
|  64|0x0000000084000000, 0x0000000084000000, 0x0000000084100000|  0%| F|  |TAMS 0x0000000084000000, 0x0000000084000000| Untracked 
|  65|0x0000000084100000, 0x0000000084100000, 0x0000000084200000|  0%| F|  |TAMS 0x0000000084100000, 0x0000000084100000| Untracked 
|  66|0x0000000084200000, 0x0000000084200000, 0x0000000084300000|  0%| F|  |TAMS 0x0000000084200000, 0x0000000084200000| Untracked 
|  67|0x0000000084300000, 0x0000000084300000, 0x0000000084400000|  0%| F|  |TAMS 0x0000000084300000, 0x0000000084300000| Untracked 
|  68|0x0000000084400000, 0x0000000084400000, 0x0000000084500000|  0%| F|  |TAMS 0x0000000084400000, 0x0000000084400000| Untracked 
|  69|0x0000000084500000, 0x0000000084500000, 0x0000000084600000|  0%| F|  |TAMS 0x0000000084500000, 0x0000000084500000| Untracked 
|  70|0x0000000084600000, 0x0000000084600000, 0x0000000084700000|  0%| F|  |TAMS 0x0000000084600000, 0x0000000084600000| Untracked 
|  71|0x0000000084700000, 0x0000000084700000, 0x0000000084800000|  0%| F|  |TAMS 0x0000000084700000, 0x0000000084700000| Untracked 
|  72|0x0000000084800000, 0x0000000084800000, 0x0000000084900000|  0%| F|  |TAMS 0x0000000084800000, 0x0000000084800000| Untracked 
|  73|0x0000000084900000, 0x0000000084900000, 0x0000000084a00000|  0%| F|  |TAMS 0x0000000084900000, 0x0000000084900000| Untracked 
|  74|0x0000000084a00000, 0x0000000084a00000, 0x0000000084b00000|  0%| F|  |TAMS 0x0000000084a00000, 0x0000000084a00000| Untracked 
|  75|0x0000000084b00000, 0x0000000084b00000, 0x0000000084c00000|  0%| F|  |TAMS 0x0000000084b00000, 0x0000000084b00000| Untracked 
|  76|0x0000000084c00000, 0x0000000084c00000, 0x0000000084d00000|  0%| F|  |TAMS 0x0000000084c00000, 0x0000000084c00000| Untracked 
|  77|0x0000000084d00000, 0x0000000084d00000, 0x0000000084e00000|  0%| F|  |TAMS 0x0000000084d00000, 0x0000000084d00000| Untracked 
|  78|0x0000000084e00000, 0x0000000084e00000, 0x0000000084f00000|  0%| F|  |TAMS 0x0000000084e00000, 0x0000000084e00000| Untracked 
|  79|0x0000000084f00000, 0x0000000084f00000, 0x0000000085000000|  0%| F|  |TAMS 0x0000000084f00000, 0x0000000084f00000| Untracked 
|  80|0x0000000085000000, 0x0000000085000000, 0x0000000085100000|  0%| F|  |TAMS 0x0000000085000000, 0x0000000085000000| Untracked 
|  81|0x0000000085100000, 0x0000000085100000, 0x0000000085200000|  0%| F|  |TAMS 0x0000000085100000, 0x0000000085100000| Untracked 
|  82|0x0000000085200000, 0x0000000085200000, 0x0000000085300000|  0%| F|  |TAMS 0x0000000085200000, 0x0000000085200000| Untracked 
|  83|0x0000000085300000, 0x0000000085300000, 0x0000000085400000|  0%| F|  |TAMS 0x0000000085300000, 0x0000000085300000| Untracked 
|  84|0x0000000085400000, 0x0000000085400000, 0x0000000085500000|  0%| F|  |TAMS 0x0000000085400000, 0x0000000085400000| Untracked 
|  85|0x0000000085500000, 0x0000000085500000, 0x0000000085600000|  0%| F|  |TAMS 0x0000000085500000, 0x0000000085500000| Untracked 
|  86|0x0000000085600000, 0x0000000085600000, 0x0000000085700000|  0%| F|  |TAMS 0x0000000085600000, 0x0000000085600000| Untracked 
|  87|0x0000000085700000, 0x0000000085700000, 0x0000000085800000|  0%| F|  |TAMS 0x0000000085700000, 0x0000000085700000| Untracked 
|  88|0x0000000085800000, 0x0000000085800000, 0x0000000085900000|  0%| F|  |TAMS 0x0000000085800000, 0x0000000085800000| Untracked 
|  89|0x0000000085900000, 0x0000000085900000, 0x0000000085a00000|  0%| F|  |TAMS 0x0000000085900000, 0x0000000085900000| Untracked 
|  90|0x0000000085a00000, 0x0000000085a00000, 0x0000000085b00000|  0%| F|  |TAMS 0x0000000085a00000, 0x0000000085a00000| Untracked 
|  91|0x0000000085b00000, 0x0000000085b00000, 0x0000000085c00000|  0%| F|  |TAMS 0x0000000085b00000, 0x0000000085b00000| Untracked 
|  92|0x0000000085c00000, 0x0000000085c00000, 0x0000000085d00000|  0%| F|  |TAMS 0x0000000085c00000, 0x0000000085c00000| Untracked 
|  93|0x0000000085d00000, 0x0000000085d00000, 0x0000000085e00000|  0%| F|  |TAMS 0x0000000085d00000, 0x0000000085d00000| Untracked 
|  94|0x0000000085e00000, 0x0000000085e00000, 0x0000000085f00000|  0%| F|  |TAMS 0x0000000085e00000, 0x0000000085e00000| Untracked 
|  95|0x0000000085f00000, 0x0000000085f00000, 0x0000000086000000|  0%| F|  |TAMS 0x0000000085f00000, 0x0000000085f00000| Untracked 
|  96|0x0000000086000000, 0x0000000086000000, 0x0000000086100000|  0%| F|  |TAMS 0x0000000086000000, 0x0000000086000000| Untracked 
|  97|0x0000000086100000, 0x0000000086100000, 0x0000000086200000|  0%| F|  |TAMS 0x0000000086100000, 0x0000000086100000| Untracked 
|  98|0x0000000086200000, 0x0000000086200000, 0x0000000086300000|  0%| F|  |TAMS 0x0000000086200000, 0x0000000086200000| Untracked 
|  99|0x0000000086300000, 0x0000000086300000, 0x0000000086400000|  0%| F|  |TAMS 0x0000000086300000, 0x0000000086300000| Untracked 
| 100|0x0000000086400000, 0x0000000086400000, 0x0000000086500000|  0%| F|  |TAMS 0x0000000086400000, 0x0000000086400000| Untracked 
| 101|0x0000000086500000, 0x0000000086500000, 0x0000000086600000|  0%| F|  |TAMS 0x0000000086500000, 0x0000000086500000| Untracked 
| 102|0x0000000086600000, 0x0000000086600000, 0x0000000086700000|  0%| F|  |TAMS 0x0000000086600000, 0x0000000086600000| Untracked 
| 103|0x0000000086700000, 0x0000000086700000, 0x0000000086800000|  0%| F|  |TAMS 0x0000000086700000, 0x0000000086700000| Untracked 
| 104|0x0000000086800000, 0x0000000086800000, 0x0000000086900000|  0%| F|  |TAMS 0x0000000086800000, 0x0000000086800000| Untracked 
| 105|0x0000000086900000, 0x0000000086900000, 0x0000000086a00000|  0%| F|  |TAMS 0x0000000086900000, 0x0000000086900000| Untracked 
| 106|0x0000000086a00000, 0x0000000086a00000, 0x0000000086b00000|  0%| F|  |TAMS 0x0000000086a00000, 0x0000000086a00000| Untracked 
| 107|0x0000000086b00000, 0x0000000086b00000, 0x0000000086c00000|  0%| F|  |TAMS 0x0000000086b00000, 0x0000000086b00000| Untracked 
| 108|0x0000000086c00000, 0x0000000086c00000, 0x0000000086d00000|  0%| F|  |TAMS 0x0000000086c00000, 0x0000000086c00000| Untracked 
| 109|0x0000000086d00000, 0x0000000086d00000, 0x0000000086e00000|  0%| F|  |TAMS 0x0000000086d00000, 0x0000000086d00000| Untracked 
| 110|0x0000000086e00000, 0x0000000086e00000, 0x0000000086f00000|  0%| F|  |TAMS 0x0000000086e00000, 0x0000000086e00000| Untracked 
| 111|0x0000000086f00000, 0x0000000086f00000, 0x0000000087000000|  0%| F|  |TAMS 0x0000000086f00000, 0x0000000086f00000| Untracked 
| 112|0x0000000087000000, 0x0000000087000000, 0x0000000087100000|  0%| F|  |TAMS 0x0000000087000000, 0x0000000087000000| Untracked 
| 113|0x0000000087100000, 0x0000000087100000, 0x0000000087200000|  0%| F|  |TAMS 0x0000000087100000, 0x0000000087100000| Untracked 
| 114|0x0000000087200000, 0x0000000087200000, 0x0000000087300000|  0%| F|  |TAMS 0x0000000087200000, 0x0000000087200000| Untracked 
| 115|0x0000000087300000, 0x0000000087300000, 0x0000000087400000|  0%| F|  |TAMS 0x0000000087300000, 0x0000000087300000| Untracked 
| 116|0x0000000087400000, 0x0000000087400000, 0x0000000087500000|  0%| F|  |TAMS 0x0000000087400000, 0x0000000087400000| Untracked 
| 117|0x0000000087500000, 0x0000000087500000, 0x0000000087600000|  0%| F|  |TAMS 0x0000000087500000, 0x0000000087500000| Untracked 
| 118|0x0000000087600000, 0x0000000087600000, 0x0000000087700000|  0%| F|  |TAMS 0x0000000087600000, 0x0000000087600000| Untracked 
| 119|0x0000000087700000, 0x0000000087700000, 0x0000000087800000|  0%| F|  |TAMS 0x0000000087700000, 0x0000000087700000| Untracked 
| 120|0x0000000087800000, 0x0000000087800000, 0x0000000087900000|  0%| F|  |TAMS 0x0000000087800000, 0x0000000087800000| Untracked 
| 121|0x0000000087900000, 0x0000000087900000, 0x0000000087a00000|  0%| F|  |TAMS 0x0000000087900000, 0x0000000087900000| Untracked 
| 122|0x0000000087a00000, 0x0000000087a00000, 0x0000000087b00000|  0%| F|  |TAMS 0x0000000087a00000, 0x0000000087a00000| Untracked 
| 123|0x0000000087b00000, 0x0000000087b00000, 0x0000000087c00000|  0%| F|  |TAMS 0x0000000087b00000, 0x0000000087b00000| Untracked 
| 124|0x0000000087c00000, 0x0000000087c00000, 0x0000000087d00000|  0%| F|  |TAMS 0x0000000087c00000, 0x0000000087c00000| Untracked 
| 125|0x0000000087d00000, 0x0000000087d00000, 0x0000000087e00000|  0%| F|  |TAMS 0x0000000087d00000, 0x0000000087d00000| Untracked 
| 126|0x0000000087e00000, 0x0000000087e00000, 0x0000000087f00000|  0%| F|  |TAMS 0x0000000087e00000, 0x0000000087e00000| Untracked 
| 127|0x0000000087f00000, 0x0000000087f00000, 0x0000000088000000|  0%| F|  |TAMS 0x0000000087f00000, 0x0000000087f00000| Untracked 
| 128|0x0000000088000000, 0x0000000088000000, 0x0000000088100000|  0%| F|  |TAMS 0x0000000088000000, 0x0000000088000000| Untracked 
| 129|0x0000000088100000, 0x0000000088100000, 0x0000000088200000|  0%| F|  |TAMS 0x0000000088100000, 0x0000000088100000| Untracked 
| 130|0x0000000088200000, 0x0000000088200000, 0x0000000088300000|  0%| F|  |TAMS 0x0000000088200000, 0x0000000088200000| Untracked 
| 131|0x0000000088300000, 0x0000000088300000, 0x0000000088400000|  0%| F|  |TAMS 0x0000000088300000, 0x0000000088300000| Untracked 
| 132|0x0000000088400000, 0x0000000088400000, 0x0000000088500000|  0%| F|  |TAMS 0x0000000088400000, 0x0000000088400000| Untracked 
| 133|0x0000000088500000, 0x0000000088500000, 0x0000000088600000|  0%| F|  |TAMS 0x0000000088500000, 0x0000000088500000| Untracked 
| 134|0x0000000088600000, 0x0000000088600000, 0x0000000088700000|  0%| F|  |TAMS 0x0000000088600000, 0x0000000088600000| Untracked 
| 135|0x0000000088700000, 0x0000000088700000, 0x0000000088800000|  0%| F|  |TAMS 0x0000000088700000, 0x0000000088700000| Untracked 
| 136|0x0000000088800000, 0x0000000088800000, 0x0000000088900000|  0%| F|  |TAMS 0x0000000088800000, 0x0000000088800000| Untracked 
| 137|0x0000000088900000, 0x0000000088900000, 0x0000000088a00000|  0%| F|  |TAMS 0x0000000088900000, 0x0000000088900000| Untracked 
| 138|0x0000000088a00000, 0x0000000088a00000, 0x0000000088b00000|  0%| F|  |TAMS 0x0000000088a00000, 0x0000000088a00000| Untracked 
| 139|0x0000000088b00000, 0x0000000088b00000, 0x0000000088c00000|  0%| F|  |TAMS 0x0000000088b00000, 0x0000000088b00000| Untracked 
| 140|0x0000000088c00000, 0x0000000088c00000, 0x0000000088d00000|  0%| F|  |TAMS 0x0000000088c00000, 0x0000000088c00000| Untracked 
| 141|0x0000000088d00000, 0x0000000088d00000, 0x0000000088e00000|  0%| F|  |TAMS 0x0000000088d00000, 0x0000000088d00000| Untracked 
| 142|0x0000000088e00000, 0x0000000088e00000, 0x0000000088f00000|  0%| F|  |TAMS 0x0000000088e00000, 0x0000000088e00000| Untracked 
| 143|0x0000000088f00000, 0x0000000088f00000, 0x0000000089000000|  0%| F|  |TAMS 0x0000000088f00000, 0x0000000088f00000| Untracked 
| 144|0x0000000089000000, 0x0000000089000000, 0x0000000089100000|  0%| F|  |TAMS 0x0000000089000000, 0x0000000089000000| Untracked 
| 145|0x0000000089100000, 0x0000000089100000, 0x0000000089200000|  0%| F|  |TAMS 0x0000000089100000, 0x0000000089100000| Untracked 
| 146|0x0000000089200000, 0x0000000089200000, 0x0000000089300000|  0%| F|  |TAMS 0x0000000089200000, 0x0000000089200000| Untracked 
| 147|0x0000000089300000, 0x0000000089300000, 0x0000000089400000|  0%| F|  |TAMS 0x0000000089300000, 0x0000000089300000| Untracked 
| 148|0x0000000089400000, 0x0000000089400000, 0x0000000089500000|  0%| F|  |TAMS 0x0000000089400000, 0x0000000089400000| Untracked 
| 149|0x0000000089500000, 0x0000000089500000, 0x0000000089600000|  0%| F|  |TAMS 0x0000000089500000, 0x0000000089500000| Untracked 
| 150|0x0000000089600000, 0x0000000089600000, 0x0000000089700000|  0%| F|  |TAMS 0x0000000089600000, 0x0000000089600000| Untracked 
| 151|0x0000000089700000, 0x0000000089700000, 0x0000000089800000|  0%| F|  |TAMS 0x0000000089700000, 0x0000000089700000| Untracked 
| 152|0x0000000089800000, 0x0000000089800000, 0x0000000089900000|  0%| F|  |TAMS 0x0000000089800000, 0x0000000089800000| Untracked 
| 153|0x0000000089900000, 0x0000000089900000, 0x0000000089a00000|  0%| F|  |TAMS 0x0000000089900000, 0x0000000089900000| Untracked 
| 154|0x0000000089a00000, 0x0000000089a00000, 0x0000000089b00000|  0%| F|  |TAMS 0x0000000089a00000, 0x0000000089a00000| Untracked 
| 155|0x0000000089b00000, 0x0000000089b00000, 0x0000000089c00000|  0%| F|  |TAMS 0x0000000089b00000, 0x0000000089b00000| Untracked 
| 156|0x0000000089c00000, 0x0000000089c00000, 0x0000000089d00000|  0%| F|  |TAMS 0x0000000089c00000, 0x0000000089c00000| Untracked 
| 157|0x0000000089d00000, 0x0000000089d00000, 0x0000000089e00000|  0%| F|  |TAMS 0x0000000089d00000, 0x0000000089d00000| Untracked 
| 158|0x0000000089e00000, 0x0000000089e00000, 0x0000000089f00000|  0%| F|  |TAMS 0x0000000089e00000, 0x0000000089e00000| Untracked 
| 159|0x0000000089f00000, 0x0000000089f00000, 0x000000008a000000|  0%| F|  |TAMS 0x0000000089f00000, 0x0000000089f00000| Untracked 
| 160|0x000000008a000000, 0x000000008a000000, 0x000000008a100000|  0%| F|  |TAMS 0x000000008a000000, 0x000000008a000000| Untracked 
| 161|0x000000008a100000, 0x000000008a100000, 0x000000008a200000|  0%| F|  |TAMS 0x000000008a100000, 0x000000008a100000| Untracked 
| 162|0x000000008a200000, 0x000000008a200000, 0x000000008a300000|  0%| F|  |TAMS 0x000000008a200000, 0x000000008a200000| Untracked 
| 163|0x000000008a300000, 0x000000008a300000, 0x000000008a400000|  0%| F|  |TAMS 0x000000008a300000, 0x000000008a300000| Untracked 
| 164|0x000000008a400000, 0x000000008a400000, 0x000000008a500000|  0%| F|  |TAMS 0x000000008a400000, 0x000000008a400000| Untracked 
| 165|0x000000008a500000, 0x000000008a500000, 0x000000008a600000|  0%| F|  |TAMS 0x000000008a500000, 0x000000008a500000| Untracked 
| 166|0x000000008a600000, 0x000000008a600000, 0x000000008a700000|  0%| F|  |TAMS 0x000000008a600000, 0x000000008a600000| Untracked 
| 167|0x000000008a700000, 0x000000008a700000, 0x000000008a800000|  0%| F|  |TAMS 0x000000008a700000, 0x000000008a700000| Untracked 
| 168|0x000000008a800000, 0x000000008a800000, 0x000000008a900000|  0%| F|  |TAMS 0x000000008a800000, 0x000000008a800000| Untracked 
| 169|0x000000008a900000, 0x000000008a900000, 0x000000008aa00000|  0%| F|  |TAMS 0x000000008a900000, 0x000000008a900000| Untracked 
| 170|0x000000008aa00000, 0x000000008aa00000, 0x000000008ab00000|  0%| F|  |TAMS 0x000000008aa00000, 0x000000008aa00000| Untracked 
| 171|0x000000008ab00000, 0x000000008ab00000, 0x000000008ac00000|  0%| F|  |TAMS 0x000000008ab00000, 0x000000008ab00000| Untracked 
| 172|0x000000008ac00000, 0x000000008ac00000, 0x000000008ad00000|  0%| F|  |TAMS 0x000000008ac00000, 0x000000008ac00000| Untracked 
| 173|0x000000008ad00000, 0x000000008ad00000, 0x000000008ae00000|  0%| F|  |TAMS 0x000000008ad00000, 0x000000008ad00000| Untracked 
| 174|0x000000008ae00000, 0x000000008ae00000, 0x000000008af00000|  0%| F|  |TAMS 0x000000008ae00000, 0x000000008ae00000| Untracked 
| 175|0x000000008af00000, 0x000000008af00000, 0x000000008b000000|  0%| F|  |TAMS 0x000000008af00000, 0x000000008af00000| Untracked 
| 176|0x000000008b000000, 0x000000008b0d6340, 0x000000008b100000| 83%| S|CS|TAMS 0x000000008b000000, 0x000000008b000000| Complete 
| 177|0x000000008b100000, 0x000000008b200000, 0x000000008b200000|100%| S|CS|TAMS 0x000000008b100000, 0x000000008b100000| Complete 
| 178|0x000000008b200000, 0x000000008b200000, 0x000000008b300000|  0%| F|  |TAMS 0x000000008b200000, 0x000000008b200000| Untracked 
| 179|0x000000008b300000, 0x000000008b300000, 0x000000008b400000|  0%| F|  |TAMS 0x000000008b300000, 0x000000008b300000| Untracked 
| 180|0x000000008b400000, 0x000000008b400000, 0x000000008b500000|  0%| F|  |TAMS 0x000000008b400000, 0x000000008b400000| Untracked 
| 181|0x000000008b500000, 0x000000008b500000, 0x000000008b600000|  0%| F|  |TAMS 0x000000008b500000, 0x000000008b500000| Untracked 
| 182|0x000000008b600000, 0x000000008b600000, 0x000000008b700000|  0%| F|  |TAMS 0x000000008b600000, 0x000000008b600000| Untracked 
| 183|0x000000008b700000, 0x000000008b700000, 0x000000008b800000|  0%| F|  |TAMS 0x000000008b700000, 0x000000008b700000| Untracked 
| 184|0x000000008b800000, 0x000000008b800000, 0x000000008b900000|  0%| F|  |TAMS 0x000000008b800000, 0x000000008b800000| Untracked 
| 185|0x000000008b900000, 0x000000008b900000, 0x000000008ba00000|  0%| F|  |TAMS 0x000000008b900000, 0x000000008b900000| Untracked 
| 186|0x000000008ba00000, 0x000000008ba00000, 0x000000008bb00000|  0%| F|  |TAMS 0x000000008ba00000, 0x000000008ba00000| Untracked 
| 187|0x000000008bb00000, 0x000000008bb00000, 0x000000008bc00000|  0%| F|  |TAMS 0x000000008bb00000, 0x000000008bb00000| Untracked 
| 188|0x000000008bc00000, 0x000000008bc00000, 0x000000008bd00000|  0%| F|  |TAMS 0x000000008bc00000, 0x000000008bc00000| Untracked 
| 189|0x000000008bd00000, 0x000000008bd00000, 0x000000008be00000|  0%| F|  |TAMS 0x000000008bd00000, 0x000000008bd00000| Untracked 
| 190|0x000000008be00000, 0x000000008be00000, 0x000000008bf00000|  0%| F|  |TAMS 0x000000008be00000, 0x000000008be00000| Untracked 
| 191|0x000000008bf00000, 0x000000008bf00000, 0x000000008c000000|  0%| F|  |TAMS 0x000000008bf00000, 0x000000008bf00000| Untracked 
| 192|0x000000008c000000, 0x000000008c000000, 0x000000008c100000|  0%| F|  |TAMS 0x000000008c000000, 0x000000008c000000| Untracked 
| 193|0x000000008c100000, 0x000000008c100000, 0x000000008c200000|  0%| F|  |TAMS 0x000000008c100000, 0x000000008c100000| Untracked 
| 194|0x000000008c200000, 0x000000008c200000, 0x000000008c300000|  0%| F|  |TAMS 0x000000008c200000, 0x000000008c200000| Untracked 

Card table byte_map: [0x000001d247980000,0x000001d247d80000] _byte_map_base: 0x000001d247580000

Marking Bits (Prev, Next): (CMBitMap*) 0x000001d234a94b28, (CMBitMap*) 0x000001d234a94b60
 Prev Bits: [0x000001d248180000, 0x000001d24a180000)
 Next Bits: [0x000001d24a180000, 0x000001d24c180000)

Polling page: 0x000001d234230000

Metaspace:

Usage:
  Non-class:     65.90 MB capacity,    64.79 MB ( 98%) used,   930.00 KB (  1%) free+waste,   210.75 KB ( <1%) overhead. 
      Class:     10.50 MB capacity,     9.79 MB ( 93%) used,   636.72 KB (  6%) free+waste,    98.88 KB ( <1%) overhead. 
       Both:     76.41 MB capacity,    74.57 MB ( 98%) used,     1.53 MB (  2%) free+waste,   309.62 KB ( <1%) overhead. 

Virtual space:
  Non-class space:       66.00 MB reserved,      66.00 MB (100%) committed 
      Class space:        1.00 GB reserved,      10.62 MB (  1%) committed 
             Both:        1.06 GB reserved,      76.62 MB (  7%) committed 

Chunk freelists:
   Non-Class:  38.00 KB
       Class:  27.00 KB
        Both:  65.00 KB

MaxMetaspaceSize: 17179869184.00 GB
CompressedClassSpaceSize: 1.00 GB
Initial GC threshold: 20.80 MB
Current GC threshold: 93.75 MB
CDS: off

CodeHeap 'non-profiled nmethods': size=120064Kb used=4608Kb max_used=4608Kb free=115455Kb
 bounds [0x000001d240040000, 0x000001d2404d0000, 0x000001d247580000]
CodeHeap 'profiled nmethods': size=120000Kb used=16862Kb max_used=16862Kb free=103137Kb
 bounds [0x000001d238b10000, 0x000001d239b90000, 0x000001d240040000]
CodeHeap 'non-nmethods': size=5696Kb used=2359Kb max_used=2415Kb free=3336Kb
 bounds [0x000001d238580000, 0x000001d2387f0000, 0x000001d238b10000]
 total_blobs=8796 nmethods=7913 adapters=796
 compilation: enabled
              stopped_count=0, restarted_count=0
 full_count=0

Compilation events (20 events):
Event: 152.290 Thread 0x000001d24ee7a800 nmethod 7977 0x000001d239b7da90 code [0x000001d239b7dc40, 0x000001d239b7dd58]
Event: 152.300 Thread 0x000001d24ee7a800 7978       3       com.sun.xml.bind.v2.model.impl.ElementPropertyInfoImpl::getTypes (469 bytes)
Event: 152.301 Thread 0x000001d24ee77800 nmethod 7976 0x000001d2404be510 code [0x000001d2404be6e0, 0x000001d2404be988]
Event: 152.312 Thread 0x000001d24ee7a800 nmethod 7978 0x000001d239b7de10 code [0x000001d239b7e5a0, 0x000001d239b834e8]
Event: 152.312 Thread 0x000001d24ee7a800 7979       3       com.sun.xml.bind.v2.model.impl.RuntimeTypeInfoSetImpl::getTypeInfo (9 bytes)
Event: 152.312 Thread 0x000001d24ee7a800 nmethod 7979 0x000001d239b84d90 code [0x000001d239b84f60, 0x000001d239b852e8]
Event: 152.312 Thread 0x000001d24ee7a800 7980       3       com.sun.xml.bind.v2.model.impl.RuntimeTypeInfoSetImpl::getTypeInfo (9 bytes)
Event: 152.313 Thread 0x000001d24ee7a800 nmethod 7980 0x000001d239b85410 code [0x000001d239b855e0, 0x000001d239b85808]
Event: 152.313 Thread 0x000001d24ee7a800 7981       3       com.sun.xml.bind.v2.model.impl.TypeInfoSetImpl::getTypeInfo (81 bytes)
Event: 152.315 Thread 0x000001d24ee7a800 nmethod 7981 0x000001d239b85910 code [0x000001d239b85bc0, 0x000001d239b86bb8]
Event: 152.344 Thread 0x000001d24ee7a800 7982       3       java.lang.invoke.StringConcatFactory$MethodHandleInlineCopyStrategy::newArray (16 bytes)
Event: 152.345 Thread 0x000001d24ee7a800 nmethod 7982 0x000001d239b87010 code [0x000001d239b871e0, 0x000001d239b873e8]
Event: 152.429 Thread 0x000001d24ee7a800 7983       1       com.sun.xml.bind.v2.model.impl.ElementPropertyInfoImpl::isValueList (5 bytes)
Event: 152.430 Thread 0x000001d24ee7a800 nmethod 7983 0x000001d2404bed10 code [0x000001d2404beec0, 0x000001d2404bef78]
Event: 152.430 Thread 0x000001d24ee7a800 7984       1       com.sun.xml.bind.v2.model.impl.ElementPropertyInfoImpl::ref (5 bytes)
Event: 152.430 Thread 0x000001d24ee7a800 nmethod 7984 0x000001d2404bf010 code [0x000001d2404bf1c0, 0x000001d2404bf278]
Event: 152.435 Thread 0x000001d24ee7a800 7985       3       com.sun.xml.bind.v2.model.impl.ElementPropertyInfoImpl$1::size (13 bytes)
Event: 152.435 Thread 0x000001d24ee7a800 nmethod 7985 0x000001d239b87490 code [0x000001d239b87660, 0x000001d239b878d8]
Event: 152.481 Thread 0x000001d24ee77800 7986       4       java.util.jar.JarFile::getVersionedEntry (85 bytes)
Event: 152.532 Thread 0x000001d24ee77800 nmethod 7986 0x000001d2404bf310 code [0x000001d2404bf500, 0x000001d2404bfe38]

GC Heap History (20 events):
Event: 118.224 GC heap after
{Heap after GC invocations=53 (full 0):
 garbage-first heap   total 146432K, used 50685K [0x0000000080000000, 0x0000000100000000)
  region size 1024K, 2 young (2048K), 2 survivors (2048K)
 Metaspace       used 62914K, capacity 64476K, committed 64768K, reserved 1105920K
  class space    used 7944K, capacity 8583K, committed 8704K, reserved 1048576K
}
Event: 119.771 GC heap before
{Heap before GC invocations=53 (full 0):
 garbage-first heap   total 146432K, used 63997K [0x0000000080000000, 0x0000000100000000)
  region size 1024K, 16 young (16384K), 2 survivors (2048K)
 Metaspace       used 63754K, capacity 65368K, committed 65536K, reserved 1105920K
  class space    used 8038K, capacity 8685K, committed 8704K, reserved 1048576K
}
Event: 119.799 GC heap after
{Heap after GC invocations=54 (full 0):
 garbage-first heap   total 146432K, used 51962K [0x0000000080000000, 0x0000000100000000)
  region size 1024K, 2 young (2048K), 2 survivors (2048K)
 Metaspace       used 63754K, capacity 65368K, committed 65536K, reserved 1105920K
  class space    used 8038K, capacity 8685K, committed 8704K, reserved 1048576K
}
Event: 121.777 GC heap before
{Heap before GC invocations=54 (full 0):
 garbage-first heap   total 146432K, used 68346K [0x0000000080000000, 0x0000000100000000)
  region size 1024K, 18 young (18432K), 2 survivors (2048K)
 Metaspace       used 65043K, capacity 66656K, committed 66816K, reserved 1107968K
  class space    used 8226K, capacity 8851K, committed 8960K, reserved 1048576K
}
Event: 121.869 GC heap after
{Heap after GC invocations=55 (full 0):
 garbage-first heap   total 146432K, used 52699K [0x0000000080000000, 0x0000000100000000)
  region size 1024K, 2 young (2048K), 2 survivors (2048K)
 Metaspace       used 65043K, capacity 66656K, committed 66816K, reserved 1107968K
  class space    used 8226K, capacity 8851K, committed 8960K, reserved 1048576K
}
Event: 124.852 GC heap before
{Heap before GC invocations=55 (full 0):
 garbage-first heap   total 146432K, used 70107K [0x0000000080000000, 0x0000000100000000)
  region size 1024K, 19 young (19456K), 2 survivors (2048K)
 Metaspace       used 65257K, capacity 66935K, committed 67072K, reserved 1107968K
  class space    used 8273K, capacity 8921K, committed 8960K, reserved 1048576K
}
Event: 124.974 GC heap after
{Heap after GC invocations=56 (full 0):
 garbage-first heap   total 146432K, used 53817K [0x0000000080000000, 0x0000000100000000)
  region size 1024K, 2 young (2048K), 2 survivors (2048K)
 Metaspace       used 65257K, capacity 66935K, committed 67072K, reserved 1107968K
  class space    used 8273K, capacity 8921K, committed 8960K, reserved 1048576K
}
Event: 126.682 GC heap before
{Heap before GC invocations=56 (full 0):
 garbage-first heap   total 146432K, used 72249K [0x0000000080000000, 0x0000000100000000)
  region size 1024K, 20 young (20480K), 2 survivors (2048K)
 Metaspace       used 65297K, capacity 67033K, committed 67072K, reserved 1107968K
  class space    used 8278K, capacity 8955K, committed 8960K, reserved 1048576K
}
Event: 126.753 GC heap after
{Heap after GC invocations=57 (full 0):
 garbage-first heap   total 146432K, used 55363K [0x0000000080000000, 0x0000000100000000)
  region size 1024K, 3 young (3072K), 3 survivors (3072K)
 Metaspace       used 65297K, capacity 67033K, committed 67072K, reserved 1107968K
  class space    used 8278K, capacity 8955K, committed 8960K, reserved 1048576K
}
Event: 129.803 GC heap before
{Heap before GC invocations=57 (full 0):
 garbage-first heap   total 146432K, used 75843K [0x0000000080000000, 0x0000000100000000)
  region size 1024K, 23 young (23552K), 3 survivors (3072K)
 Metaspace       used 66997K, capacity 68610K, committed 68864K, reserved 1110016K
  class space    used 8507K, capacity 9181K, committed 9216K, reserved 1048576K
}
Event: 129.907 GC heap after
{Heap after GC invocations=58 (full 0):
 garbage-first heap   total 146432K, used 56795K [0x0000000080000000, 0x0000000100000000)
  region size 1024K, 3 young (3072K), 3 survivors (3072K)
 Metaspace       used 66997K, capacity 68610K, committed 68864K, reserved 1110016K
  class space    used 8507K, capacity 9181K, committed 9216K, reserved 1048576K
}
Event: 134.805 GC heap before
{Heap before GC invocations=58 (full 0):
 garbage-first heap   total 146432K, used 79323K [0x0000000080000000, 0x0000000100000000)
  region size 1024K, 25 young (25600K), 3 survivors (3072K)
 Metaspace       used 69934K, capacity 71598K, committed 71808K, reserved 1112064K
  class space    used 9063K, capacity 9748K, committed 9856K, reserved 1048576K
}
Event: 135.214 GC heap after
{Heap after GC invocations=59 (full 0):
 garbage-first heap   total 199680K, used 58034K [0x0000000080000000, 0x0000000100000000)
  region size 1024K, 3 young (3072K), 3 survivors (3072K)
 Metaspace       used 69934K, capacity 71598K, committed 71808K, reserved 1112064K
  class space    used 9063K, capacity 9748K, committed 9856K, reserved 1048576K
}
Event: 138.975 GC heap before
{Heap before GC invocations=59 (full 0):
 garbage-first heap   total 199680K, used 72370K [0x0000000080000000, 0x0000000100000000)
  region size 1024K, 18 young (18432K), 3 survivors (3072K)
 Metaspace       used 71275K, capacity 73064K, committed 73216K, reserved 1112064K
  class space    used 9243K, capacity 9951K, committed 9984K, reserved 1048576K
}
Event: 139.070 GC heap after
{Heap after GC invocations=60 (full 0):
 garbage-first heap   total 199680K, used 59183K [0x0000000080000000, 0x0000000100000000)
  region size 1024K, 3 young (3072K), 3 survivors (3072K)
 Metaspace       used 71275K, capacity 73064K, committed 73216K, reserved 1112064K
  class space    used 9243K, capacity 9951K, committed 9984K, reserved 1048576K
}
Event: 146.657 GC heap before
{Heap before GC invocations=60 (full 0):
 garbage-first heap   total 199680K, used 77615K [0x0000000080000000, 0x0000000100000000)
  region size 1024K, 21 young (21504K), 3 survivors (3072K)
 Metaspace       used 72982K, capacity 74815K, committed 75008K, reserved 1114112K
  class space    used 9496K, capacity 10206K, committed 10240K, reserved 1048576K
}
Event: 146.799 GC heap after
{Heap after GC invocations=61 (full 0):
 garbage-first heap   total 199680K, used 60542K [0x0000000080000000, 0x0000000100000000)
  region size 1024K, 3 young (3072K), 3 survivors (3072K)
 Metaspace       used 72982K, capacity 74815K, committed 75008K, reserved 1114112K
  class space    used 9496K, capacity 10206K, committed 10240K, reserved 1048576K
}
Event: 150.637 GC heap before
{Heap before GC invocations=61 (full 0):
 garbage-first heap   total 199680K, used 81022K [0x0000000080000000, 0x0000000100000000)
  region size 1024K, 23 young (23552K), 3 survivors (3072K)
 Metaspace       used 74680K, capacity 76468K, committed 76544K, reserved 1116160K
  class space    used 9750K, capacity 10453K, committed 10496K, reserved 1048576K
}
Event: 150.759 GC heap after
{Heap after GC invocations=62 (full 0):
 garbage-first heap   total 199680K, used 61426K [0x0000000080000000, 0x0000000100000000)
  region size 1024K, 3 young (3072K), 3 survivors (3072K)
 Metaspace       used 74680K, capacity 76468K, committed 76544K, reserved 1116160K
  class space    used 9750K, capacity 10453K, committed 10496K, reserved 1048576K
}
Event: 152.545 GC heap before
{Heap before GC invocations=62 (full 0):
 garbage-first heap   total 199680K, used 78834K [0x0000000080000000, 0x0000000100000000)
  region size 1024K, 20 young (20480K), 3 survivors (3072K)
 Metaspace       used 76362K, capacity 78239K, committed 78464K, reserved 1116160K
  class space    used 10021K, capacity 10757K, committed 10880K, reserved 1048576K
}

Deoptimization events (20 events):
Event: 146.645 Thread 0x000001d2503de000 DEOPT PACKING pc=0x000001d24037215c sp=0x0000005db35f8e20
Event: 146.646 Thread 0x000001d2503de000 DEOPT UNPACKING pc=0x000001d2385ca1a9 sp=0x0000005db35f8da8 mode 2
Event: 147.156 Thread 0x000001d2503de000 DEOPT PACKING pc=0x000001d2397571d6 sp=0x0000005db35f90d0
Event: 147.156 Thread 0x000001d2503de000 DEOPT UNPACKING pc=0x000001d2385ca93f sp=0x0000005db35f8670 mode 0
Event: 149.727 Thread 0x000001d2503de000 Uncommon trap: trap_request=0xffffff4d fr.pc=0x000001d2402ca48c relative=0x0000000000001a6c
Event: 149.728 Thread 0x000001d2503de000 Uncommon trap: reason=unstable_if action=reinterpret pc=0x000001d2402ca48c method=sun.nio.fs.WindowsPathParser.normalize(Ljava/lang/StringBuilder;Ljava/lang/String;I)Ljava/lang/String; @ 172 c2
Event: 149.728 Thread 0x000001d2503de000 DEOPT PACKING pc=0x000001d2402ca48c sp=0x0000005db35f8be0
Event: 149.729 Thread 0x000001d2503de000 DEOPT UNPACKING pc=0x000001d2385ca1a9 sp=0x0000005db35f8bd0 mode 2
Event: 150.531 Thread 0x000001d2503de000 Uncommon trap: trap_request=0xffffff4d fr.pc=0x000001d240451568 relative=0x00000000000001a8
Event: 150.531 Thread 0x000001d2503de000 Uncommon trap: reason=unstable_if action=reinterpret pc=0x000001d240451568 method=java.util.StringTokenizer.scanToken(I)I @ 42 c2
Event: 150.531 Thread 0x000001d2503de000 DEOPT PACKING pc=0x000001d240451568 sp=0x0000005db35f8bb0
Event: 150.531 Thread 0x000001d2503de000 DEOPT UNPACKING pc=0x000001d2385ca1a9 sp=0x0000005db35f8b40 mode 2
Event: 151.340 Thread 0x000001d2503de000 Uncommon trap: trap_request=0xffffffde fr.pc=0x000001d2404499d4 relative=0x00000000000019d4
Event: 151.340 Thread 0x000001d2503de000 Uncommon trap: reason=class_check action=maybe_recompile pc=0x000001d2404499d4 method=java.lang.Class.createAnnotationData(I)Ljava/lang/Class$AnnotationData; @ 103 c2
Event: 151.340 Thread 0x000001d2503de000 DEOPT PACKING pc=0x000001d2404499d4 sp=0x0000005db35f8170
Event: 151.340 Thread 0x000001d2503de000 DEOPT UNPACKING pc=0x000001d2385ca1a9 sp=0x0000005db35f7fe8 mode 2
Event: 151.576 Thread 0x000001d2503de000 Uncommon trap: trap_request=0xfffffff4 fr.pc=0x000001d240449ba8 relative=0x0000000000001ba8
Event: 151.576 Thread 0x000001d2503de000 Uncommon trap: reason=null_check action=make_not_entrant pc=0x000001d240449ba8 method=java.lang.Class.createAnnotationData(I)Ljava/lang/Class$AnnotationData; @ 14 c2
Event: 151.577 Thread 0x000001d2503de000 DEOPT PACKING pc=0x000001d240449ba8 sp=0x0000005db35f7940
Event: 151.577 Thread 0x000001d2503de000 DEOPT UNPACKING pc=0x000001d2385ca1a9 sp=0x0000005db35f78e0 mode 2

Classes redefined (0 events):
No events

Internal exceptions (20 events):
Event: 127.047 Thread 0x000001d2503de000 Exception <a 'java/lang/ClassNotFoundException'{0x0000000088b9eeb8}: org/gradle/api/internal/artifacts/dsl/dependencies/DefaultDependencyHandler_DecoratedBeanInfo> (0x0000000088b9eeb8) thrown at [src/hotspot/share/classfile/systemDictionary.cpp, line 230]
Event: 127.051 Thread 0x000001d2503de000 Exception <a 'java/lang/ClassNotFoundException'{0x0000000088bf1970}: org/gradle/api/internal/artifacts/dsl/dependencies/DefaultDependencyHandlerBeanInfo> (0x0000000088bf1970) thrown at [src/hotspot/share/classfile/systemDictionary.cpp, line 230]
Event: 127.056 Thread 0x000001d2503de000 Exception <a 'java/lang/ClassNotFoundException'{0x0000000088a44978}: org/gradle/api/internal/artifacts/dsl/dependencies/DefaultDependencyHandlerCustomizer> (0x0000000088a44978) thrown at [src/hotspot/share/classfile/systemDictionary.cpp, line 230]
Event: 127.069 Thread 0x000001d2503de000 Exception <a 'java/lang/ClassNotFoundException'{0x0000000088ac2b58}: org/gradle/api/internal/artifacts/dsl/dependencies/DefaultDependencyHandler_DecoratedCustomizer> (0x0000000088ac2b58) thrown at [src/hotspot/share/classfile/systemDictionary.cpp, line 230]
Event: 138.740 Thread 0x000001d2503de000 Exception <a 'java/lang/ClassNotFoundException'{0x000000008b53d188}: com/android/build/gradle/internal/api/ApkVariantOutputImpl_DecoratedBeanInfo> (0x000000008b53d188) thrown at [src/hotspot/share/classfile/systemDictionary.cpp, line 230]
Event: 138.753 Thread 0x000001d2503de000 Exception <a 'java/lang/ClassNotFoundException'{0x000000008b559fb0}: com/android/build/gradle/internal/api/ApkVariantOutputImplBeanInfo> (0x000000008b559fb0) thrown at [src/hotspot/share/classfile/systemDictionary.cpp, line 230]
Event: 138.762 Thread 0x000001d2503de000 Exception <a 'java/lang/ClassNotFoundException'{0x000000008b5780a0}: com/android/build/gradle/internal/api/BaseVariantOutputImplBeanInfo> (0x000000008b5780a0) thrown at [src/hotspot/share/classfile/systemDictionary.cpp, line 230]
Event: 138.768 Thread 0x000001d2503de000 Exception <a 'java/lang/ClassNotFoundException'{0x000000008b5954d0}: com/android/build/gradle/internal/api/BaseVariantOutputImplCustomizer> (0x000000008b5954d0) thrown at [src/hotspot/share/classfile/systemDictionary.cpp, line 230]
Event: 138.821 Thread 0x000001d2503de000 Exception <a 'java/lang/ClassNotFoundException'{0x000000008b5c4f28}: com/android/build/gradle/internal/api/ApkVariantOutputImplCustomizer> (0x000000008b5c4f28) thrown at [src/hotspot/share/classfile/systemDictionary.cpp, line 230]
Event: 138.837 Thread 0x000001d2503de000 Exception <a 'java/lang/ClassNotFoundException'{0x000000008b5f1110}: com/android/build/gradle/internal/api/ApkVariantOutputImpl_DecoratedCustomizer> (0x000000008b5f1110) thrown at [src/hotspot/share/classfile/systemDictionary.cpp, line 230]
Event: 138.943 Thread 0x000001d2503de000 Exception <a 'java/lang/NoClassDefFoundError'{0x000000008b4da548}: org/jetbrains/kotlin/gradle/plugin/KotlinBasePluginWrapper> (0x000000008b4da548) thrown at [src/hotspot/share/classfile/systemDictionary.cpp, line 219]
Event: 141.055 Thread 0x000001d2503de000 Implicit null exception at 0x000001d2404807db to 0x000001d24048086c
Event: 142.571 Thread 0x000001d2503de000 Implicit null exception at 0x000001d240298b31 to 0x000001d2402991cd
Event: 142.575 Thread 0x000001d2503de000 Implicit null exception at 0x000001d240299a16 to 0x000001d24029a0e0
Event: 147.075 Thread 0x000001d2503de000 Exception <a 'java/lang/NoSuchMethodError'{0x000000008c088e40}: 'java.lang.Object java.lang.invoke.DirectMethodHandle$Holder.invokeStatic(java.lang.Object, java.lang.Object, java.lang.Object, java.lang.Object, java.lang.Object, java.lang.Object, int)'> (0x000000008c088e40) thrown at [src/hotspot/share/interpreter/linkResolver.cpp, line 773]
Event: 147.087 Thread 0x000001d2503de000 Exception <a 'java/lang/NoSuchMethodError'{0x000000008c0a0ac0}: 'java.lang.Object java.lang.invoke.DirectMethodHandle$Holder.invokeStatic(java.lang.Object, java.lang.Object, java.lang.Object, java.lang.Object, java.lang.Object, java.lang.Object, int, int)'> (0x000000008c0a0ac0) thrown at [src/hotspot/share/interpreter/linkResolver.cpp, line 773]
Event: 147.095 Thread 0x000001d2503de000 Exception <a 'java/lang/NoSuchMethodError'{0x000000008c0b9078}: 'java.lang.Object java.lang.invoke.DirectMethodHandle$Holder.invokeStatic(java.lang.Object, java.lang.Object, java.lang.Object, java.lang.Object, java.lang.Object, java.lang.Object, int, int, java.lang.Object)'> (0x000000008c0b9078) thrown at [src/hotspot/share/interpreter/linkResolver.cpp, line 773]
Event: 148.498 Thread 0x000001d2503de000 Exception <a 'sun/nio/fs/WindowsException'{0x000000008b638690}> (0x000000008b638690) thrown at [src/hotspot/share/prims/jni.cpp, line 617]
Event: 150.913 Thread 0x000001d2503de000 Exception <a 'java/lang/NullPointerException'{0x000000008c0778f0}> (0x000000008c0778f0) thrown at [src/hotspot/share/interpreter/linkResolver.cpp, line 1440]
Event: 151.576 Thread 0x000001d2503de000 Implicit null exception at 0x000001d24044822c to 0x000001d240449b80

Events (20 events):
Event: 152.478 loading class com/sun/xml/bind/v2/runtime/reflect/ListIterator done
Event: 152.480 loading class com/sun/xml/bind/v2/runtime/reflect/Lister$CollectionLister
Event: 152.480 loading class com/sun/xml/bind/v2/runtime/reflect/Lister$CollectionLister done
Event: 152.486 loading class com/sun/xml/bind/v2/runtime/reflect/Lister$IDREFS
Event: 152.486 loading class com/sun/xml/bind/v2/runtime/reflect/Lister$IDREFS done
Event: 152.495 loading class com/sun/xml/bind/v2/runtime/reflect/AdaptedLister
Event: 152.495 loading class com/sun/xml/bind/v2/runtime/reflect/AdaptedLister done
Event: 152.502 loading class com/sun/xml/bind/v2/runtime/reflect/Lister$ArrayLister
Event: 152.502 loading class com/sun/xml/bind/v2/runtime/reflect/Lister$ArrayLister done
Event: 152.514 loading class com/sun/xml/bind/v2/runtime/reflect/PrimitiveArrayListerBoolean
Event: 152.514 loading class com/sun/xml/bind/v2/runtime/reflect/PrimitiveArrayListerBoolean done
Event: 152.518 loading class com/sun/xml/bind/v2/runtime/reflect/PrimitiveArrayListerByte
Event: 152.518 loading class com/sun/xml/bind/v2/runtime/reflect/PrimitiveArrayListerByte done
Event: 152.525 loading class com/sun/xml/bind/v2/runtime/reflect/PrimitiveArrayListerCharacter
Event: 152.525 loading class com/sun/xml/bind/v2/runtime/reflect/PrimitiveArrayListerCharacter done
Event: 152.535 loading class com/sun/xml/bind/v2/runtime/reflect/PrimitiveArrayListerDouble
Event: 152.535 loading class com/sun/xml/bind/v2/runtime/reflect/PrimitiveArrayListerDouble done
Event: 152.544 loading class com/sun/xml/bind/v2/runtime/reflect/PrimitiveArrayListerFloat
Event: 152.544 loading class com/sun/xml/bind/v2/runtime/reflect/PrimitiveArrayListerFloat done
Event: 152.544 Executing VM operation: G1CollectForAllocation


Dynamic libraries:
0x00007ff65d9b0000 - 0x00007ff65d9ba000 	C:\Program Files\Android\Android Studio\jbr\bin\java.exe
0x00007ff8b6c90000 - 0x00007ff8b6e88000 	C:\Windows\SYSTEM32\ntdll.dll
0x00007ff8b4df0000 - 0x00007ff8b4eaf000 	C:\Windows\System32\KERNEL32.DLL
0x00007ff8b48d0000 - 0x00007ff8b4ba2000 	C:\Windows\System32\KERNELBASE.dll
0x00007ff8b4540000 - 0x00007ff8b4640000 	C:\Windows\System32\ucrtbase.dll
0x00007ff8a4550000 - 0x00007ff8a456b000 	C:\Program Files\Android\Android Studio\jbr\bin\VCRUNTIME140.dll
0x00007ff8a0a30000 - 0x00007ff8a0a47000 	C:\Program Files\Android\Android Studio\jbr\bin\jli.dll
0x00007ff8b5890000 - 0x00007ff8b5a31000 	C:\Windows\System32\USER32.dll
0x00007ff8b43d0000 - 0x00007ff8b43f2000 	C:\Windows\System32\win32u.dll
0x00007ff8b5860000 - 0x00007ff8b588b000 	C:\Windows\System32\GDI32.dll
0x00007ff8b4430000 - 0x00007ff8b453f000 	C:\Windows\System32\gdi32full.dll
0x00007ff8b4830000 - 0x00007ff8b48cd000 	C:\Windows\System32\msvcp_win.dll
0x00007ff8a0c80000 - 0x00007ff8a0f1a000 	C:\Windows\WinSxS\amd64_microsoft.windows.common-controls_6595b64144ccf1df_6.0.19041.1110_none_60b5254171f9507e\COMCTL32.dll
0x00007ff8b57c0000 - 0x00007ff8b585e000 	C:\Windows\System32\msvcrt.dll
0x00007ff8b4fe0000 - 0x00007ff8b5012000 	C:\Windows\System32\IMM32.DLL
0x00007ff8ae5b0000 - 0x00007ff8ae5bc000 	C:\Program Files\Android\Android Studio\jbr\bin\vcruntime140_1.dll
0x00007ff89b510000 - 0x00007ff89b59d000 	C:\Program Files\Android\Android Studio\jbr\bin\msvcp140.dll
0x00007ff8874b0000 - 0x00007ff88806c000 	C:\Program Files\Android\Android Studio\jbr\bin\server\jvm.dll
0x00007ff8b5b50000 - 0x00007ff8b5bfe000 	C:\Windows\System32\ADVAPI32.dll
0x00007ff8b6080000 - 0x00007ff8b611c000 	C:\Windows\System32\sechost.dll
0x00007ff8b5c00000 - 0x00007ff8b5d25000 	C:\Windows\System32\RPCRT4.dll
0x00007ff8b5d30000 - 0x00007ff8b5d38000 	C:\Windows\System32\PSAPI.DLL
0x00007ff8ae450000 - 0x00007ff8ae459000 	C:\Windows\SYSTEM32\WSOCK32.dll
0x00007ff8a3fa0000 - 0x00007ff8a3faa000 	C:\Windows\SYSTEM32\VERSION.dll
0x00007ff899d30000 - 0x00007ff899d57000 	C:\Windows\SYSTEM32\WINMM.dll
0x00007ff8b5ad0000 - 0x00007ff8b5b3b000 	C:\Windows\System32\WS2_32.dll
0x00007ff8b2130000 - 0x00007ff8b2142000 	C:\Windows\SYSTEM32\kernel.appcore.dll
0x00007ff8af3b0000 - 0x00007ff8af3c0000 	C:\Program Files\Android\Android Studio\jbr\bin\verify.dll
0x00007ff8a2e20000 - 0x00007ff8a3004000 	C:\Windows\SYSTEM32\DBGHELP.DLL
0x00007ff8a2da0000 - 0x00007ff8a2dd5000 	C:\Windows\SYSTEM32\dbgcore.DLL
0x00007ff8b47a0000 - 0x00007ff8b4822000 	C:\Windows\System32\bcryptPrimitives.dll
0x00007ff8ae550000 - 0x00007ff8ae578000 	C:\Program Files\Android\Android Studio\jbr\bin\java.dll
0x00007ff8ae540000 - 0x00007ff8ae54a000 	C:\Program Files\Android\Android Studio\jbr\bin\jimage.dll
0x00007ff8ad330000 - 0x00007ff8ad348000 	C:\Program Files\Android\Android Studio\jbr\bin\zip.dll
0x00007ff8b6120000 - 0x00007ff8b6865000 	C:\Windows\System32\SHELL32.dll
0x00007ff8b2440000 - 0x00007ff8b2bd2000 	C:\Windows\SYSTEM32\windows.storage.dll
0x00007ff8b6870000 - 0x00007ff8b6bc5000 	C:\Windows\System32\combase.dll
0x00007ff8b3d00000 - 0x00007ff8b3d30000 	C:\Windows\SYSTEM32\Wldp.dll
0x00007ff8b5710000 - 0x00007ff8b57bd000 	C:\Windows\System32\SHCORE.dll
0x00007ff8b5520000 - 0x00007ff8b5575000 	C:\Windows\System32\shlwapi.dll
0x00007ff8b42c0000 - 0x00007ff8b42df000 	C:\Windows\SYSTEM32\profapi.dll
0x00007ff8ad310000 - 0x00007ff8ad329000 	C:\Program Files\Android\Android Studio\jbr\bin\net.dll
0x00007ff8a8460000 - 0x00007ff8a856c000 	C:\Windows\SYSTEM32\WINHTTP.dll
0x00007ff8b3a60000 - 0x00007ff8b3aca000 	C:\Windows\system32\mswsock.dll
0x00007ff8ac880000 - 0x00007ff8ac893000 	C:\Program Files\Android\Android Studio\jbr\bin\nio.dll
0x00007ff8966e0000 - 0x00007ff896707000 	C:\Users\albos\.gradle\native\e1d6ef7f7dcc3fd88c89a11ec53ec762bb8ba0a96d01ffa2cd45eb1d1d8dd5c5\windows-amd64\native-platform.dll
0x00007ff8836e0000 - 0x00007ff883824000 	C:\Users\albos\.gradle\native\0d407fdbe67a94daf76414ababcb853783967236a71b16ec16e742cd7a986fd3\windows-amd64\native-platform-file-events.dll
0x00007ff8ae530000 - 0x00007ff8ae53a000 	C:\Program Files\Android\Android Studio\jbr\bin\management.dll
0x00007ff8aab90000 - 0x00007ff8aab9b000 	C:\Program Files\Android\Android Studio\jbr\bin\management_ext.dll
0x00007ff8b3c50000 - 0x00007ff8b3c68000 	C:\Windows\SYSTEM32\CRYPTSP.dll
0x00007ff8b3380000 - 0x00007ff8b33b4000 	C:\Windows\system32\rsaenh.dll
0x00007ff8b4400000 - 0x00007ff8b4427000 	C:\Windows\System32\bcrypt.dll
0x00007ff8b4280000 - 0x00007ff8b42ae000 	C:\Windows\SYSTEM32\USERENV.dll
0x00007ff8b3c70000 - 0x00007ff8b3c7c000 	C:\Windows\SYSTEM32\CRYPTBASE.dll
0x00007ff8b3750000 - 0x00007ff8b378b000 	C:\Windows\SYSTEM32\IPHLPAPI.DLL
0x00007ff8b5b40000 - 0x00007ff8b5b48000 	C:\Windows\System32\NSI.dll
0x00007ff8a9850000 - 0x00007ff8a9867000 	C:\Windows\SYSTEM32\dhcpcsvc6.DLL
0x00007ff8acdb0000 - 0x00007ff8acdcd000 	C:\Windows\SYSTEM32\dhcpcsvc.DLL
0x00007ff8b3790000 - 0x00007ff8b385b000 	C:\Windows\SYSTEM32\DNSAPI.dll

dbghelp: loaded successfully - version: 4.0.5 - missing functions: none
symbol engine: initialized successfully - sym options: 0x614 - pdb path: .;C:\Program Files\Android\Android Studio\jbr\bin;C:\Windows\SYSTEM32;C:\Windows\WinSxS\amd64_microsoft.windows.common-controls_6595b64144ccf1df_6.0.19041.1110_none_60b5254171f9507e;C:\Program Files\Android\Android Studio\jbr\bin\server;C:\Users\albos\.gradle\native\e1d6ef7f7dcc3fd88c89a11ec53ec762bb8ba0a96d01ffa2cd45eb1d1d8dd5c5\windows-amd64;C:\Users\albos\.gradle\native\0d407fdbe67a94daf76414ababcb853783967236a71b16ec16e742cd7a986fd3\windows-amd64

VM Arguments:
jvm_args: --add-opens=java.base/java.util=ALL-UNNAMED --add-opens=java.base/java.lang=ALL-UNNAMED --add-opens=java.base/java.lang.invoke=ALL-UNNAMED --add-opens=java.base/java.util=ALL-UNNAMED --add-opens=java.prefs/java.util.prefs=ALL-UNNAMED --add-opens=java.prefs/java.util.prefs=ALL-UNNAMED --add-opens=java.base/java.nio.charset=ALL-UNNAMED --add-opens=java.base/java.net=ALL-UNNAMED --add-opens=java.base/java.util.concurrent.atomic=ALL-UNNAMED -Xmx2048m -Dfile.encoding=UTF-8 -Duser.country=US -Duser.language=en -Duser.variant 
java_command: org.gradle.launcher.daemon.bootstrap.GradleDaemon 7.5
java_class_path (initial): C:\Users\albos\.gradle\wrapper\dists\gradle-7.5-bin\f1w0cc9nuo0eivz97x2xlu9sv\gradle-7.5\lib\gradle-launcher-7.5.jar
Launcher Type: SUN_STANDARD

[Global flags]
     intx CICompilerCount                          = 3                                         {product} {ergonomic}
     uint ConcGCThreads                            = 1                                         {product} {ergonomic}
     uint G1ConcRefinementThreads                  = 4                                         {product} {ergonomic}
   size_t G1HeapRegionSize                         = 1048576                                   {product} {ergonomic}
    uintx GCDrainStackTargetSize                   = 64                                        {product} {ergonomic}
   size_t InitialHeapSize                          = 31457280                                  {product} {ergonomic}
   size_t MarkStackSize                            = 4194304                                   {product} {ergonomic}
   size_t MaxHeapSize                              = 2147483648                                {product} {command line}
   size_t MaxNewSize                               = 1287651328                                {product} {ergonomic}
   size_t MinHeapDeltaBytes                        = 1048576                                   {product} {ergonomic}
    uintx NonNMethodCodeHeapSize                   = 5830732                                {pd product} {ergonomic}
    uintx NonProfiledCodeHeapSize                  = 122913754                              {pd product} {ergonomic}
    uintx ProfiledCodeHeapSize                     = 122913754                              {pd product} {ergonomic}
    uintx ReservedCodeCacheSize                    = 251658240                              {pd product} {ergonomic}
     bool SegmentedCodeCache                       = true                                      {product} {ergonomic}
     bool UseCompressedClassPointers               = true                                 {lp64_product} {ergonomic}
     bool UseCompressedOops                        = true                                 {lp64_product} {ergonomic}
     bool UseG1GC                                  = true                                      {product} {ergonomic}
     bool UseLargePagesIndividualAllocation        = false                                  {pd product} {ergonomic}

Logging:
Log output configuration:
 #0: stdout all=warning uptime,level,tags
 #1: stderr all=off uptime,level,tags

Environment Variables:
JAVA_HOME=C:\Program Files\Java\jdk-19
PATH=C:\Program Files\Microsoft\jdk-11.0.12.7-hotspot\bin;C:\Program Files\Common Files\Oracle\Java\javapath;C:\Program Files\Python311\Scripts\;C:\Program Files\Python311\;C:\Windows\system32;C:\Windows;C:\Windows\System32\Wbem;C:\Windows\System32\WindowsPowerShell\v1.0\;C:\Windows\System32\OpenSSH\;C:\Program Files\Microsoft SQL Server\150\Tools\Binn\;C:\Program Files\Python311;C:\Users\albos\AppData\Local\Microsoft\WindowsApps\python.exe;C:\ProgramData\Microsoft\Windows\Start Menu\Programs\Python 3.11;C:\Program Files\Java\jdk-19\bin;C:\Program Files\Microsoft SQL Server\Client SDK\ODBC\170\Tools\Binn\;C:\Program Files\dotnet\;C:\Program Files\MySQL\MySQL Shell 8.0\bin\;C:\Users\albos\AppData\Local\Microsoft\WindowsApps;C:\Program Files\Python311\Scripts\;C:\Program Files\Python311\;C:\Users\albos\AppData\Local\Microsoft\WindowsApps\python.exe;C:\Users\albos\AppData\Local\Programs\Microsoft VS Code\bin;C:\Users\albos\.dotnet\tools
USERNAME=albos
OS=Windows_NT
PROCESSOR_IDENTIFIER=Intel64 Family 6 Model 76 Stepping 4, GenuineIntel



---------------  S Y S T E M  ---------------

OS: Windows 10 , 64 bit Build 19041 (10.0.19041.2546)
OS uptime: 0 days 3:15 hours

CPU:total 4 (initial active 4) (4 cores per cpu, 1 threads per core) family 6 model 76 stepping 4 microcode 0x411, cmov, cx8, fxsr, mmx, sse, sse2, sse3, ssse3, sse4.1, sse4.2, popcnt, aes, clmul, erms, 3dnowpref, tsc, tscinvbit

Memory: 4k page, system-wide physical 1882M (97M free)
TotalPageFile size 7770M (AvailPageFile size 80M)
current process WorkingSet (physical memory assigned to process): 110M, peak: 150M
current process commit charge ("private bytes"): 432M, peak: 588M

vm_info: OpenJDK 64-Bit Server VM (11.0.15+0-b2043.56-9505619) for windows-amd64 JRE (11.0.15+0-b2043.56-9505619), built on Jan 19 2023 02:48:00 by "builduser" with unknown MS VC++:1929

END.
